c:\dev\photo studio\photo studio\x64\release\vc143.pdb
c:\dev\photo studio\photo studio\x64\release\imgui_widgets.obj
c:\dev\photo studio\photo studio\x64\release\imgui_tables.obj
c:\dev\photo studio\photo studio\x64\release\imgui_draw.obj
c:\dev\photo studio\photo studio\x64\release\imgui_demo.obj
c:\dev\photo studio\photo studio\x64\release\imgui.obj
c:\dev\photo studio\photo studio\x64\release\imgui_impl_sdlrenderer2.obj
c:\dev\photo studio\photo studio\x64\release\imgui_impl_sdl2.obj
c:\dev\photo studio\photo studio\x64\release\imgui_impl_opengl3.obj
c:\dev\photo studio\photo studio\x64\release\imgui_impl_opengl2.obj
c:\dev\photo studio\photo studio\x64\release\main.obj
c:\dev\photo studio\photo studio\x64\release\canvasobject.obj
c:\dev\photo studio\photo studio\x64\release\application.obj
c:\dev\photo studio\photo studio\x64\release\shadersource.obj
c:\dev\photo studio\photo studio\x64\release\canvas.obj
c:\dev\photo studio\photo studio\x64\release\shader.obj
c:\dev\photo studio\photo studio\x64\release\framebuffer.obj
c:\dev\photo studio\photo studio\x64\release\input.obj
c:\dev\photo studio\photo studio\x64\release\tools.obj
c:\dev\photo studio\photo studio\x64\release\primitives.obj
c:\dev\photo studio\photo studio\x64\release\utilities.obj
c:\dev\photo studio\photo studio\x64\release\windows.obj
c:\dev\photo studio\photo studio\x64\release\eraser.obj
c:\dev\photo studio\photo studio\x64\release\brush.obj
c:\dev\photo studio\photo studio\x64\release\pixelbuffer.obj
c:\dev\photo studio\photo studio\x64\release\paintbucket.obj
c:\dev\photo studio\photo studio\x64\release\texture.obj
c:\dev\photo studio\x64\release\photo studio.exe
c:\dev\photo studio\photo studio\x64\release\photo studio.ipdb
c:\dev\photo studio\x64\release\photo studio.pdb
c:\dev\photo studio\photo studio\x64\release\photo studio.iobj
c:\dev\photo studio\photo studio\x64\release\photo studio.res
c:\dev\photo studio\photo studio\x64\release\paintbrush.obj
c:\dev\photo studio\photo studio\x64\release\photo studio.tlog\cl.command.1.tlog
c:\dev\photo studio\photo studio\x64\release\photo studio.tlog\cl.items.tlog
c:\dev\photo studio\photo studio\x64\release\photo studio.tlog\cl.read.1.tlog
c:\dev\photo studio\photo studio\x64\release\photo studio.tlog\cl.write.1.tlog
c:\dev\photo studio\photo studio\x64\release\photo studio.tlog\link.command.1.tlog
c:\dev\photo studio\photo studio\x64\release\photo studio.tlog\link.read.1.tlog
c:\dev\photo studio\photo studio\x64\release\photo studio.tlog\link.write.1.tlog
c:\dev\photo studio\photo studio\x64\release\photo studio.tlog\rc.command.1.tlog
c:\dev\photo studio\photo studio\x64\release\photo studio.tlog\rc.read.1.tlog
c:\dev\photo studio\photo studio\x64\release\photo studio.tlog\rc.write.1.tlog
